# JRE version: OpenJDK Runtime Environment Temurin-21.0.10+7 (21.0.10+7) (build 21.0.10+7-LTS)
# Java VM: OpenJDK 64-Bit Server VM Temurin-21.0.10+7 (21.0.10+7-LTS, mixed mode, sharing, tiered, compressed oops, compressed class ptrs, parallel gc, windows-amd64)
GC Precious Log:
 CardTable entry size: 512
 CPUs: 4 total, 4 available
 Memory: 8086M
 Large Page Support: Disabled
 NUMA Support: Disabled
 Compressed Oops: Enabled (32-bit)
 Alignments: Space 512K, Generation 512K, Heap 2M
 Heap Min Capacity: 100M
 Heap Initial Capacity: 100M
 Heap Max Capacity: 2G
 Pre-touch: Disabled
 Parallel Workers: 4
Heap:
 PSYoungGen      total 6656K, used 4784K [0x00000000d5580000, 0x00000000d5d80000, 0x0000000100000000)
  eden space 5120K, 76% used [0x00000000d5580000,0x00000000d5957758,0x00000000d5a80000)
  from space 1536K, 55% used [0x00000000d5a80000,0x00000000d5b54c60,0x00000000d5c00000)
  to   space 1024K, 0% used [0x00000000d5c80000,0x00000000d5c80000,0x00000000d5d80000)
 ParOldGen       total 1228288K, used 1227993K [0x0000000080000000, 0x00000000caf80000, 0x00000000d5580000)
  object space 1228288K, 99% used [0x0000000080000000,0x00000000caf36710,0x00000000caf80000)
 Metaspace       used 89737K, committed 91584K, reserved 1179648K
  class space    used 9128K, committed 9984K, reserved 1048576K
GC Heap History (20 events):
Event: 820.709 GC heap before
{Heap before GC invocations=3217 (full 5):
 PSYoungGen      total 3584K, used 3200K [0x00000000d5580000, 0x00000000d5c00000, 0x0000000100000000)
  eden space 2048K, 100% used [0x00000000d5580000,0x00000000d5780000,0x00000000d5780000)
  from space 1536K, 75% used [0x00000000d5780000,0x00000000d58a0000,0x00000000d5900000)
  to   space 2048K, 0% used [0x00000000d5a00000,0x00000000d5a00000,0x00000000d5c00000)
 ParOldGen       total 1222656K, used 1222618K [0x0000000080000000, 0x00000000caa00000, 0x00000000d5580000)
  object space 1222656K, 99% used [0x0000000080000000,0x00000000ca9f6828,0x00000000caa00000)
 Metaspace       used 89720K, committed 91584K, reserved 1179648K
  class space    used 9128K, committed 9984K, reserved 1048576K
}
Event: 820.716 GC heap after
{Heap after GC invocations=3217 (full 5):
 PSYoungGen      total 3584K, used 611K [0x00000000d5580000, 0x00000000d5b00000, 0x0000000100000000)
  eden space 2560K, 0% used [0x00000000d5580000,0x00000000d5580000,0x00000000d5800000)
  from space 1024K, 59% used [0x00000000d5a00000,0x00000000d5a98c50,0x00000000d5b00000)
  to   space 1024K, 0% used [0x00000000d5900000,0x00000000d5900000,0x00000000d5a00000)
 ParOldGen       total 1223680K, used 1223391K [0x0000000080000000, 0x00000000cab00000, 0x00000000d5580000)
  object space 1223680K, 99% used [0x0000000080000000,0x00000000caab7ca8,0x00000000cab00000)
 Metaspace       used 89720K, committed 91584K, reserved 1179648K
  class space    used 9128K, committed 9984K, reserved 1048576K
}
Event: 820.728 GC heap before
{Heap before GC invocations=3218 (full 5):
 PSYoungGen      total 3584K, used 3171K [0x00000000d5580000, 0x00000000d5b00000, 0x0000000100000000)
  eden space 2560K, 100% used [0x00000000d5580000,0x00000000d5800000,0x00000000d5800000)
  from space 1024K, 59% used [0x00000000d5a00000,0x00000000d5a98c50,0x00000000d5b00000)
  to   space 1024K, 0% used [0x00000000d5900000,0x00000000d5900000,0x00000000d5a00000)
 ParOldGen       total 1223680K, used 1223391K [0x0000000080000000, 0x00000000cab00000, 0x00000000d5580000)
  object space 1223680K, 99% used [0x0000000080000000,0x00000000caab7ca8,0x00000000cab00000)
 Metaspace       used 89720K, committed 91584K, reserved 1179648K
  class space    used 9128K, committed 9984K, reserved 1048576K
}
Event: 820.733 GC heap after
{Heap after GC invocations=3218 (full 5):
 PSYoungGen      total 4096K, used 640K [0x00000000d5580000, 0x00000000d5a80000, 0x0000000100000000)
  eden space 3072K, 0% used [0x00000000d5580000,0x00000000d5580000,0x00000000d5880000)
  from space 1024K, 62% used [0x00000000d5900000,0x00000000d59a0020,0x00000000d5a00000)
  to   space 512K, 0% used [0x00000000d5a00000,0x00000000d5a00000,0x00000000d5a80000)
 ParOldGen       total 1224192K, used 1223914K [0x0000000080000000, 0x00000000cab80000, 0x00000000d5580000)
  object space 1224192K, 99% used [0x0000000080000000,0x00000000cab3a908,0x00000000cab80000)
 Metaspace       used 89720K, committed 91584K, reserved 1179648K
  class space    used 9128K, committed 9984K, reserved 1048576K
}
Event: 820.749 GC heap before
{Heap before GC invocations=3219 (full 5):
 PSYoungGen      total 4096K, used 3712K [0x00000000d5580000, 0x00000000d5a80000, 0x0000000100000000)
  eden space 3072K, 100% used [0x00000000d5580000,0x00000000d5880000,0x00000000d5880000)
  from space 1024K, 62% used [0x00000000d5900000,0x00000000d59a0020,0x00000000d5a00000)
  to   space 512K, 0% used [0x00000000d5a00000,0x00000000d5a00000,0x00000000d5a80000)
 ParOldGen       total 1224192K, used 1223914K [0x0000000080000000, 0x00000000cab80000, 0x00000000d5580000)
  object space 1224192K, 99% used [0x0000000080000000,0x00000000cab3a908,0x00000000cab80000)
 Metaspace       used 89721K, committed 91584K, reserved 1179648K
  class space    used 9128K, committed 9984K, reserved 1048576K
}
Event: 820.757 GC heap after
{Heap after GC invocations=3219 (full 5):
 PSYoungGen      total 4096K, used 512K [0x00000000d5580000, 0x00000000d5b80000, 0x0000000100000000)
  eden space 3584K, 0% used [0x00000000d5580000,0x00000000d5580000,0x00000000d5900000)
  from space 512K, 100% used [0x00000000d5a00000,0x00000000d5a80000,0x00000000d5a80000)
  to   space 1024K, 0% used [0x00000000d5900000,0x00000000d5900000,0x00000000d5a00000)
 ParOldGen       total 1224704K, used 1224530K [0x0000000080000000, 0x00000000cac00000, 0x00000000d5580000)
  object space 1224704K, 99% used [0x0000000080000000,0x00000000cabd4928,0x00000000cac00000)
 Metaspace       used 89721K, committed 91584K, reserved 1179648K
  class space    used 9128K, committed 9984K, reserved 1048576K
}
Event: 820.801 GC heap before
{Heap before GC invocations=3220 (full 5):
 PSYoungGen      total 4096K, used 4096K [0x00000000d5580000, 0x00000000d5b80000, 0x0000000100000000)
  eden space 3584K, 100% used [0x00000000d5580000,0x00000000d5900000,0x00000000d5900000)
  from space 512K, 100% used [0x00000000d5a00000,0x00000000d5a80000,0x00000000d5a80000)
  to   space 1024K, 0% used [0x00000000d5900000,0x00000000d5900000,0x00000000d5a00000)
 ParOldGen       total 1224704K, used 1224530K [0x0000000080000000, 0x00000000cac00000, 0x00000000d5580000)
  object space 1224704K, 99% used [0x0000000080000000,0x00000000cabd4928,0x00000000cac00000)
 Metaspace       used 89721K, committed 91584K, reserved 1179648K
  class space    used 9128K, committed 9984K, reserved 1048576K
}
Event: 820.807 GC heap after
{Heap after GC invocations=3220 (full 5):
 PSYoungGen      total 4608K, used 323K [0x00000000d5580000, 0x00000000d5b00000, 0x0000000100000000)
  eden space 3584K, 0% used [0x00000000d5580000,0x00000000d5580000,0x00000000d5900000)
  from space 1024K, 31% used [0x00000000d5900000,0x00000000d5950c50,0x00000000d5a00000)
  to   space 512K, 0% used [0x00000000d5a80000,0x00000000d5a80000,0x00000000d5b00000)
 ParOldGen       total 1225216K, used 1224950K [0x0000000080000000, 0x00000000cac80000, 0x00000000d5580000)
  object space 1225216K, 99% used [0x0000000080000000,0x00000000cac3d938,0x00000000cac80000)
 Metaspace       used 89721K, committed 91584K, reserved 1179648K
  class space    used 9128K, committed 9984K, reserved 1048576K
}
Event: 820.825 GC heap before
{Heap before GC invocations=3221 (full 5):
 PSYoungGen      total 4608K, used 3906K [0x00000000d5580000, 0x00000000d5b00000, 0x0000000100000000)
  eden space 3584K, 99% used [0x00000000d5580000,0x00000000d58ffde8,0x00000000d5900000)
  from space 1024K, 31% used [0x00000000d5900000,0x00000000d5950c50,0x00000000d5a00000)
  to   space 512K, 0% used [0x00000000d5a80000,0x00000000d5a80000,0x00000000d5b00000)
 ParOldGen       total 1225216K, used 1224950K [0x0000000080000000, 0x00000000cac80000, 0x00000000d5580000)
  object space 1225216K, 99% used [0x0000000080000000,0x00000000cac3d938,0x00000000cac80000)
 Metaspace       used 89721K, committed 91584K, reserved 1179648K
  class space    used 9128K, committed 9984K, reserved 1048576K
}
Event: 820.830 GC heap after
{Heap after GC invocations=3221 (full 5):
 PSYoungGen      total 4608K, used 502K [0x00000000d5580000, 0x00000000d5c00000, 0x0000000100000000)
  eden space 4096K, 0% used [0x00000000d5580000,0x00000000d5580000,0x00000000d5980000)
  from space 512K, 98% used [0x00000000d5a80000,0x00000000d5afda20,0x00000000d5b00000)
  to   space 1024K, 0% used [0x00000000d5980000,0x00000000d5980000,0x00000000d5a80000)
 ParOldGen       total 1225216K, used 1225190K [0x0000000080000000, 0x00000000cac80000, 0x00000000d5580000)
  object space 1225216K, 99% used [0x0000000080000000,0x00000000cac79938,0x00000000cac80000)
 Metaspace       used 89721K, committed 91584K, reserved 1179648K
  class space    used 9128K, committed 9984K, reserved 1048576K
}
Event: 820.847 GC heap before
{Heap before GC invocations=3222 (full 5):
 PSYoungGen      total 4608K, used 4598K [0x00000000d5580000, 0x00000000d5c00000, 0x0000000100000000)
  eden space 4096K, 100% used [0x00000000d5580000,0x00000000d5980000,0x00000000d5980000)
  from space 512K, 98% used [0x00000000d5a80000,0x00000000d5afda20,0x00000000d5b00000)
  to   space 1024K, 0% used [0x00000000d5980000,0x00000000d5980000,0x00000000d5a80000)
 ParOldGen       total 1225216K, used 1225190K [0x0000000080000000, 0x00000000cac80000, 0x00000000d5580000)
  object space 1225216K, 99% used [0x0000000080000000,0x00000000cac79938,0x00000000cac80000)
 Metaspace       used 89721K, committed 91584K, reserved 1179648K
  class space    used 9128K, committed 9984K, reserved 1048576K
}
Event: 820.851 GC heap after
{Heap after GC invocations=3222 (full 5):
 PSYoungGen      total 5120K, used 995K [0x00000000d5580000, 0x00000000d5d80000, 0x0000000100000000)
  eden space 4096K, 0% used [0x00000000d5580000,0x00000000d5580000,0x00000000d5980000)
  from space 1024K, 97% used [0x00000000d5980000,0x00000000d5a78c70,0x00000000d5a80000)
  to   space 1536K, 0% used [0x00000000d5c00000,0x00000000d5c00000,0x00000000d5d80000)
 ParOldGen       total 1225728K, used 1225699K [0x0000000080000000, 0x00000000cad00000, 0x00000000d5580000)
  object space 1225728K, 99% used [0x0000000080000000,0x00000000cacf8d20,0x00000000cad00000)
 Metaspace       used 89721K, committed 91584K, reserved 1179648K
  class space    used 9128K, committed 9984K, reserved 1048576K
}
Event: 820.890 GC heap before
{Heap before GC invocations=3223 (full 5):
 PSYoungGen      total 5120K, used 5091K [0x00000000d5580000, 0x00000000d5d80000, 0x0000000100000000)
  eden space 4096K, 100% used [0x00000000d5580000,0x00000000d5980000,0x00000000d5980000)
  from space 1024K, 97% used [0x00000000d5980000,0x00000000d5a78c70,0x00000000d5a80000)
  to   space 1536K, 0% used [0x00000000d5c00000,0x00000000d5c00000,0x00000000d5d80000)
 ParOldGen       total 1225728K, used 1225699K [0x0000000080000000, 0x00000000cad00000, 0x00000000d5580000)
  object space 1225728K, 99% used [0x0000000080000000,0x00000000cacf8d20,0x00000000cad00000)
 Metaspace       used 89721K, committed 91584K, reserved 1179648K
  class space    used 9128K, committed 9984K, reserved 1048576K
}
Event: 820.898 GC heap after
{Heap after GC invocations=3223 (full 5):
 PSYoungGen      total 5632K, used 480K [0x00000000d5580000, 0x00000000d5c80000, 0x0000000100000000)
  eden space 5120K, 0% used [0x00000000d5580000,0x00000000d5580000,0x00000000d5a80000)
  from space 512K, 93% used [0x00000000d5c00000,0x00000000d5c78000,0x00000000d5c80000)
  to   space 1024K, 0% used [0x00000000d5a80000,0x00000000d5a80000,0x00000000d5b80000)
 ParOldGen       total 1226752K, used 1226619K [0x0000000080000000, 0x00000000cae00000, 0x00000000d5580000)
  object space 1226752K, 99% used [0x0000000080000000,0x00000000caddec20,0x00000000cae00000)
 Metaspace       used 89721K, committed 91584K, reserved 1179648K
  class space    used 9128K, committed 9984K, reserved 1048576K
}
Event: 820.938 GC heap before
{Heap before GC invocations=3224 (full 5):
 PSYoungGen      total 5632K, used 5600K [0x00000000d5580000, 0x00000000d5c80000, 0x0000000100000000)
  eden space 5120K, 100% used [0x00000000d5580000,0x00000000d5a80000,0x00000000d5a80000)
  from space 512K, 93% used [0x00000000d5c00000,0x00000000d5c78000,0x00000000d5c80000)
  to   space 1024K, 0% used [0x00000000d5a80000,0x00000000d5a80000,0x00000000d5b80000)
 ParOldGen       total 1226752K, used 1226619K [0x0000000080000000, 0x00000000cae00000, 0x00000000d5580000)
  object space 1226752K, 99% used [0x0000000080000000,0x00000000caddec20,0x00000000cae00000)
 Metaspace       used 89737K, committed 91584K, reserved 1179648K
  class space    used 9128K, committed 9984K, reserved 1048576K
}
Event: 820.942 GC heap after
{Heap after GC invocations=3224 (full 5):
 PSYoungGen      total 6144K, used 288K [0x00000000d5580000, 0x00000000d5c80000, 0x0000000100000000)
  eden space 5120K, 0% used [0x00000000d5580000,0x00000000d5580000,0x00000000d5a80000)
  from space 1024K, 28% used [0x00000000d5a80000,0x00000000d5ac8000,0x00000000d5b80000)
  to   space 512K, 0% used [0x00000000d5c00000,0x00000000d5c00000,0x00000000d5c80000)
 ParOldGen       total 1227264K, used 1226979K [0x0000000080000000, 0x00000000cae80000, 0x00000000d5580000)
  object space 1227264K, 99% used [0x0000000080000000,0x00000000cae38c20,0x00000000cae80000)
 Metaspace       used 89737K, committed 91584K, reserved 1179648K
  class space    used 9128K, committed 9984K, reserved 1048576K
}
Event: 820.965 GC heap before
{Heap before GC invocations=3225 (full 5):
 PSYoungGen      total 6144K, used 5408K [0x00000000d5580000, 0x00000000d5c80000, 0x0000000100000000)
  eden space 5120K, 100% used [0x00000000d5580000,0x00000000d5a80000,0x00000000d5a80000)
  from space 1024K, 28% used [0x00000000d5a80000,0x00000000d5ac8000,0x00000000d5b80000)
  to   space 512K, 0% used [0x00000000d5c00000,0x00000000d5c00000,0x00000000d5c80000)
 ParOldGen       total 1227264K, used 1226979K [0x0000000080000000, 0x00000000cae80000, 0x00000000d5580000)
  object space 1227264K, 99% used [0x0000000080000000,0x00000000cae38c20,0x00000000cae80000)
 Metaspace       used 89737K, committed 91584K, reserved 1179648K
  class space    used 9128K, committed 9984K, reserved 1048576K
}
Event: 820.974 GC heap after
{Heap after GC invocations=3225 (full 5):
 PSYoungGen      total 5632K, used 483K [0x00000000d5580000, 0x00000000d5e80000, 0x0000000100000000)
  eden space 5120K, 0% used [0x00000000d5580000,0x00000000d5580000,0x00000000d5a80000)
  from space 512K, 94% used [0x00000000d5c00000,0x00000000d5c78c50,0x00000000d5c80000)
  to   space 1536K, 0% used [0x00000000d5a80000,0x00000000d5a80000,0x00000000d5c00000)
 ParOldGen       total 1227776K, used 1227561K [0x0000000080000000, 0x00000000caf00000, 0x00000000d5580000)
  object space 1227776K, 99% used [0x0000000080000000,0x00000000caeca640,0x00000000caf00000)
 Metaspace       used 89737K, committed 91584K, reserved 1179648K
  class space    used 9128K, committed 9984K, reserved 1048576K
}
Event: 820.993 GC heap before
{Heap before GC invocations=3226 (full 5):
 PSYoungGen      total 5632K, used 5603K [0x00000000d5580000, 0x00000000d5e80000, 0x0000000100000000)
  eden space 5120K, 100% used [0x00000000d5580000,0x00000000d5a80000,0x00000000d5a80000)
  from space 512K, 94% used [0x00000000d5c00000,0x00000000d5c78c50,0x00000000d5c80000)
  to   space 1536K, 0% used [0x00000000d5a80000,0x00000000d5a80000,0x00000000d5c00000)
 ParOldGen       total 1227776K, used 1227561K [0x0000000080000000, 0x00000000caf00000, 0x00000000d5580000)
  object space 1227776K, 99% used [0x0000000080000000,0x00000000caeca640,0x00000000caf00000)
 Metaspace       used 89737K, committed 91584K, reserved 1179648K
  class space    used 9128K, committed 9984K, reserved 1048576K
}
Event: 820.998 GC heap after
{Heap after GC invocations=3226 (full 5):
 PSYoungGen      total 6656K, used 851K [0x00000000d5580000, 0x00000000d5d80000, 0x0000000100000000)
  eden space 5120K, 0% used [0x00000000d5580000,0x00000000d5580000,0x00000000d5a80000)
  from space 1536K, 55% used [0x00000000d5a80000,0x00000000d5b54c60,0x00000000d5c00000)
  to   space 1024K, 0% used [0x00000000d5c80000,0x00000000d5c80000,0x00000000d5d80000)
 ParOldGen       total 1228288K, used 1227993K [0x0000000080000000, 0x00000000caf80000, 0x00000000d5580000)
  object space 1228288K, 99% used [0x0000000080000000,0x00000000caf36710,0x00000000caf80000)
 Metaspace       used 89737K, committed 91584K, reserved 1179648K
  class space    used 9128K, committed 9984K, reserved 1048576K
}

